[1:42:07.337435184] [11742] [1;32m INFO [1;37mCamera [1;34mcamera_manager.cpp:284 [0mlibcamera v0.2.0+120-eb00c13d
[1:42:07.363823774] [11761] [1;33m WARN [1;37mRPiSdn [1;34msdn.cpp:40 [0mUsing legacy SDN tuning - please consider moving SDN inside rpi.denoise
[1:42:07.366685645] [11761] [1;32m INFO [1;37mRPI [1;34mvc4.cpp:446 [0mRegistered camera /base/soc/i2c0mux/i2c@1/ov5647@36 to Unicam device /dev/media4 and ISP device /dev/media0
[1:42:07.366797069] [11761] [1;32m INFO [1;37mRPI [1;34mpipeline_base.cpp:1102 [0mUsing configuration file '/usr/share/libcamera/pipeline/rpi/vc4/rpi_apps.yaml'
[1:42:07.369511425] [11742] [1;32m INFO [1;37mCamera [1;34mcamera_manager.cpp:284 [0mlibcamera v0.2.0+120-eb00c13d
[1:42:07.393965608] [11764] [1;33m WARN [1;37mRPiSdn [1;34msdn.cpp:40 [0mUsing legacy SDN tuning - please consider moving SDN inside rpi.denoise
[1:42:07.396184306] [11764] [1;32m INFO [1;37mRPI [1;34mvc4.cpp:446 [0mRegistered camera /base/soc/i2c0mux/i2c@1/ov5647@36 to Unicam device /dev/media4 and ISP device /dev/media0
[1:42:07.396286971] [11764] [1;32m INFO [1;37mRPI [1;34mpipeline_base.cpp:1102 [0mUsing configuration file '/usr/share/libcamera/pipeline/rpi/vc4/rpi_apps.yaml'
[1:42:07.402340967] [11742] [1;32m INFO [1;37mCamera [1;34mcamera.cpp:1183 [0mconfiguring streams: (0) 640x480-XBGR8888 (1) 640x480-SGBRG10_CSI2P
[1:42:07.402825235] [11764] [1;32m INFO [1;37mRPI [1;34mvc4.cpp:621 [0mSensor: /base/soc/i2c0mux/i2c@1/ov5647@36 - Selected sensor format: 640x480-SGBRG10_1X10 - Selected unicam format: 640x480-pGAA
[1:46:05.013046404] [12137] [1;32m INFO [1;37mCamera [1;34mcamera_manager.cpp:284 [0mlibcamera v0.2.0+120-eb00c13d
[1:46:05.040356830] [12156] [1;33m WARN [1;37mRPiSdn [1;34msdn.cpp:40 [0mUsing legacy SDN tuning - please consider moving SDN inside rpi.denoise
[1:46:05.042750304] [12156] [1;32m INFO [1;37mRPI [1;34mvc4.cpp:446 [0mRegistered camera /base/soc/i2c0mux/i2c@1/ov5647@36 to Unicam device /dev/media4 and ISP device /dev/media0
[1:46:05.042864969] [12156] [1;32m INFO [1;37mRPI [1;34mpipeline_base.cpp:1102 [0mUsing configuration file '/usr/share/libcamera/pipeline/rpi/vc4/rpi_apps.yaml'
[1:46:05.045895043] [12137] [1;32m INFO [1;37mCamera [1;34mcamera_manager.cpp:284 [0mlibcamera v0.2.0+120-eb00c13d
[1:46:05.070987250] [12159] [1;33m WARN [1;37mRPiSdn [1;34msdn.cpp:40 [0mUsing legacy SDN tuning - please consider moving SDN inside rpi.denoise
[1:46:05.073666330] [12159] [1;32m INFO [1;37mRPI [1;34mvc4.cpp:446 [0mRegistered camera /base/soc/i2c0mux/i2c@1/ov5647@36 to Unicam device /dev/media4 and ISP device /dev/media0
[1:46:05.073837883] [12159] [1;32m INFO [1;37mRPI [1;34mpipeline_base.cpp:1102 [0mUsing configuration file '/usr/share/libcamera/pipeline/rpi/vc4/rpi_apps.yaml'
[1:46:05.076052657] [12137] [1;32m INFO [1;37mCamera [1;34mcamera.cpp:990 [0mPipeline handler in use by another process
Camera __init__ sequence did not complete.
Traceback (most recent call last):
  File "/usr/lib/python3/dist-packages/picamera2/picamera2.py", line 257, in __init__
    self._open_camera()
  File "/usr/lib/python3/dist-packages/picamera2/picamera2.py", line 466, in _open_camera
    self.camera.acquire()
RuntimeError: Failed to acquire camera: Device or resource busy

During handling of the above exception, another exception occurred:

Traceback (most recent call last):
  File "/home/myor/code/test.py", line 9, in <module>
    picam2 = Picamera2()
             ^^^^^^^^^^^
  File "/usr/lib/python3/dist-packages/picamera2/picamera2.py", line 269, in __init__
    raise RuntimeError("Camera __init__ sequence did not complete.")
RuntimeError: Camera __init__ sequence did not complete.
[1:48:34.713354539] [12350] [1;32m INFO [1;37mCamera [1;34mcamera_manager.cpp:284 [0mlibcamera v0.2.0+120-eb00c13d
[1:48:34.739527975] [12367] [1;33m WARN [1;37mRPiSdn [1;34msdn.cpp:40 [0mUsing legacy SDN tuning - please consider moving SDN inside rpi.denoise
[1:48:34.741855192] [12367] [1;32m INFO [1;37mRPI [1;34mvc4.cpp:446 [0mRegistered camera /base/soc/i2c0mux/i2c@1/ov5647@36 to Unicam device /dev/media4 and ISP device /dev/media0
[1:48:34.741998078] [12367] [1;32m INFO [1;37mRPI [1;34mpipeline_base.cpp:1102 [0mUsing configuration file '/usr/share/libcamera/pipeline/rpi/vc4/rpi_apps.yaml'
[1:48:34.744678567] [12350] [1;32m INFO [1;37mCamera [1;34mcamera_manager.cpp:284 [0mlibcamera v0.2.0+120-eb00c13d
[1:48:34.769352178] [12370] [1;33m WARN [1;37mRPiSdn [1;34msdn.cpp:40 [0mUsing legacy SDN tuning - please consider moving SDN inside rpi.denoise
[1:48:34.771458066] [12370] [1;32m INFO [1;37mRPI [1;34mvc4.cpp:446 [0mRegistered camera /base/soc/i2c0mux/i2c@1/ov5647@36 to Unicam device /dev/media4 and ISP device /dev/media0
[1:48:34.771547231] [12370] [1;32m INFO [1;37mRPI [1;34mpipeline_base.cpp:1102 [0mUsing configuration file '/usr/share/libcamera/pipeline/rpi/vc4/rpi_apps.yaml'
[1:48:34.777677361] [12350] [1;32m INFO [1;37mCamera [1;34mcamera.cpp:1183 [0mconfiguring streams: (0) 640x480-XBGR8888 (1) 640x480-SGBRG10_CSI2P
[1:48:34.778138334] [12370] [1;32m INFO [1;37mRPI [1;34mvc4.cpp:621 [0mSensor: /base/soc/i2c0mux/i2c@1/ov5647@36 - Selected sensor format: 640x480-SGBRG10_1X10 - Selected unicam format: 640x480-pGAA
Traceback (most recent call last):
  File "/home/myor/code/test.py", line 17, in <module>
    os.mkfifo(fifo)
FileExistsError: [Errno 17] File exists
[1:50:39.546598369] [12679] [1;32m INFO [1;37mCamera [1;34mcamera_manager.cpp:284 [0mlibcamera v0.2.0+120-eb00c13d
[1:50:39.584910779] [12704] [1;33m WARN [1;37mRPiSdn [1;34msdn.cpp:40 [0mUsing legacy SDN tuning - please consider moving SDN inside rpi.denoise
[1:50:39.587984724] [12704] [1;32m INFO [1;37mRPI [1;34mvc4.cpp:446 [0mRegistered camera /base/soc/i2c0mux/i2c@1/ov5647@36 to Unicam device /dev/media4 and ISP device /dev/media0
[1:50:39.588168795] [12704] [1;32m INFO [1;37mRPI [1;34mpipeline_base.cpp:1102 [0mUsing configuration file '/usr/share/libcamera/pipeline/rpi/vc4/rpi_apps.yaml'
[1:50:39.591591289] [12679] [1;32m INFO [1;37mCamera [1;34mcamera_manager.cpp:284 [0mlibcamera v0.2.0+120-eb00c13d
[1:50:39.627588554] [12707] [1;33m WARN [1;37mRPiSdn [1;34msdn.cpp:40 [0mUsing legacy SDN tuning - please consider moving SDN inside rpi.denoise
[1:50:39.630463096] [12707] [1;32m INFO [1;37mRPI [1;34mvc4.cpp:446 [0mRegistered camera /base/soc/i2c0mux/i2c@1/ov5647@36 to Unicam device /dev/media4 and ISP device /dev/media0
[1:50:39.630594297] [12707] [1;32m INFO [1;37mRPI [1;34mpipeline_base.cpp:1102 [0mUsing configuration file '/usr/share/libcamera/pipeline/rpi/vc4/rpi_apps.yaml'
[1:50:39.639705098] [12679] [1;32m INFO [1;37mCamera [1;34mcamera.cpp:1183 [0mconfiguring streams: (0) 640x480-XBGR8888 (1) 640x480-SGBRG10_CSI2P
[1:50:39.640341901] [12707] [1;32m INFO [1;37mRPI [1;34mvc4.cpp:621 [0mSensor: /base/soc/i2c0mux/i2c@1/ov5647@36 - Selected sensor format: 640x480-SGBRG10_1X10 - Selected unicam format: 640x480-pGAA
Traceback (most recent call last):
  File "/home/myor/code/test.py", line 17, in <module>
    os.mkfifo(fifo)
FileExistsError: [Errno 17] File exists
[1:51:01.728071730] [12756] [1;32m INFO [1;37mCamera [1;34mcamera_manager.cpp:284 [0mlibcamera v0.2.0+120-eb00c13d
[1:51:01.753963676] [12772] [1;33m WARN [1;37mRPiSdn [1;34msdn.cpp:40 [0mUsing legacy SDN tuning - please consider moving SDN inside rpi.denoise
[1:51:01.756922327] [12772] [1;32m INFO [1;37mRPI [1;34mvc4.cpp:446 [0mRegistered camera /base/soc/i2c0mux/i2c@1/ov5647@36 to Unicam device /dev/media4 and ISP device /dev/media0
[1:51:01.757046454] [12772] [1;32m INFO [1;37mRPI [1;34mpipeline_base.cpp:1102 [0mUsing configuration file '/usr/share/libcamera/pipeline/rpi/vc4/rpi_apps.yaml'
[1:51:01.760133233] [12756] [1;32m INFO [1;37mCamera [1;34mcamera_manager.cpp:284 [0mlibcamera v0.2.0+120-eb00c13d
[1:51:01.784719888] [12775] [1;33m WARN [1;37mRPiSdn [1;34msdn.cpp:40 [0mUsing legacy SDN tuning - please consider moving SDN inside rpi.denoise
[1:51:01.786843016] [12775] [1;32m INFO [1;37mRPI [1;34mvc4.cpp:446 [0mRegistered camera /base/soc/i2c0mux/i2c@1/ov5647@36 to Unicam device /dev/media4 and ISP device /dev/media0
[1:51:01.786975070] [12775] [1;32m INFO [1;37mRPI [1;34mpipeline_base.cpp:1102 [0mUsing configuration file '/usr/share/libcamera/pipeline/rpi/vc4/rpi_apps.yaml'
[1:51:01.793175218] [12756] [1;32m INFO [1;37mCamera [1;34mcamera.cpp:1183 [0mconfiguring streams: (0) 640x480-XBGR8888 (1) 640x480-SGBRG10_CSI2P
[1:51:01.793647062] [12775] [1;32m INFO [1;37mRPI [1;34mvc4.cpp:621 [0mSensor: /base/soc/i2c0mux/i2c@1/ov5647@36 - Selected sensor format: 640x480-SGBRG10_1X10 - Selected unicam format: 640x480-pGAA
Traceback (most recent call last):
  File "/home/myor/code/test.py", line 17, in <module>
    os.mkfifo(fifo)
FileExistsError: [Errno 17] File exists
